#
# There is insufficient memory for the Java Runtime Environment to continue.
# Native memory allocation (mmap) failed to map 266338304 bytes for G1 virtual space
# Possible reasons:
#   The system is out of physical RAM or swap space
#   The process is running with CompressedOops enabled, and the Java Heap may be blocking the growth of the native heap
# Possible solutions:
#   Reduce memory load on the system
#   Increase physical memory or swap space
#   Check if swap backing store is full
#   Decrease Java heap size (-Xmx/-Xms)
#   Decrease number of Java threads
#   Decrease Java thread stack sizes (-Xss)
#   Set larger code cache with -XX:ReservedCodeCacheSize=
#   JVM is running with Zero Based Compressed Oops mode in which the Java heap is
#     placed in the first 32GB address space. The Java Heap base address is the
#     maximum limit for the native heap growth. Please use -XX:HeapBaseMinAddress
#     to set the Java Heap base and to place the Java Heap above 32GB virtual address.
# This output file may be truncated or incomplete.
#
#  Out of Memory Error (os_windows.cpp:3466), pid=39160, tid=23180
#
# JRE version:  (16.0.2+7) (build )
# Java VM: OpenJDK 64-Bit Server VM (16.0.2+7-67, mixed mode, sharing, tiered, compressed oops, compressed class ptrs, g1 gc, windows-amd64)
# No core dump will be written. Minidumps are not enabled by default on client versions of Windows
#

---------------  S U M M A R Y ------------

Command Line: -javaagent:D:\Program Files (x86)\JetBrains\IntelliJ IDEA 2021.2.2\lib\idea_rt.jar=65362:D:\Program Files (x86)\JetBrains\IntelliJ IDEA 2021.2.2\bin -Dfile.encoding=UTF-8 nwpu.rmi.lxy.client.MeetingClient

Host: 11th Gen Intel(R) Core(TM) i5-1135G7 @ 2.40GHz, 8 cores, 15G,  Windows 10 , 64 bit Build 19041 (10.0.19041.1202)
Time: Fri Oct 15 20:46:00 2021  Windows 10 , 64 bit Build 19041 (10.0.19041.1202) elapsed time: 0.012147 seconds (0d 0h 0m 0s)

---------------  T H R E A D  ---------------

Current thread (0x000001b5124fa870):  JavaThread "Unknown thread" [_thread_in_vm, id=23180, stack(0x0000007d3ce00000,0x0000007d3cf00000)]

Stack: [0x0000007d3ce00000,0x0000007d3cf00000]
Native frames: (J=compiled Java code, j=interpreted, Vv=VM code, C=native code)
V  [jvm.dll+0x6681ca]
V  [jvm.dll+0x7c9e69]
V  [jvm.dll+0x7cb61e]
V  [jvm.dll+0x7cbc73]
V  [jvm.dll+0x242c55]
V  [jvm.dll+0x664f89]
V  [jvm.dll+0x659b75]
V  [jvm.dll+0x2fbfbb]
V  [jvm.dll+0x3031b6]
V  [jvm.dll+0x35299e]
V  [jvm.dll+0x352bcf]
V  [jvm.dll+0x2d3028]
V  [jvm.dll+0x2d4264]
V  [jvm.dll+0x79c741]
V  [jvm.dll+0x360791]
V  [jvm.dll+0x77a3f0]
V  [jvm.dll+0x3e4e8f]
V  [jvm.dll+0x3e6961]
C  [jli.dll+0x52fb]
C  [ucrtbase.dll+0x21bb2]
C  [KERNEL32.DLL+0x17034]
C  [ntdll.dll+0x52651]


---------------  P R O C E S S  ---------------

Threads class SMR info:
_java_thread_list=0x00007ffc8e2bcbb8, length=0, elements={
}

Java Threads: ( => current thread )

Other Threads:
  0x000001b51254c350 GCTaskThread "GC Thread#0" [stack: 0x0000007d3cf00000,0x0000007d3d000000] [id=38472]
  0x000001b51255df40 ConcurrentGCThread "G1 Main Marker" [stack: 0x0000007d3d000000,0x0000007d3d100000] [id=41836]
  0x000001b51255e8c0 ConcurrentGCThread "G1 Conc#0" [stack: 0x0000007d3d100000,0x0000007d3d200000] [id=19720]

[error occurred during error reporting (printing all threads), id 0xc0000005, EXCEPTION_ACCESS_VIOLATION (0xc0000005) at pc=0x00007ffc8da93ee7]

VM state: not at safepoint (not fully initialized)

VM Mutex/Monitor currently owned by a thread:  ([mutex/lock_event])
[0x000001b5124f5bc0] Heap_lock - owner thread: 0x000001b5124fa870

Heap address: 0x0000000703600000, size: 4042 MB, Compressed Oops mode: Zero based, Oop shift amount: 3

CDS archive(s) mapped at: [0x0000000000000000-0x0000000000000000-0x0000000000000000), size 0, SharedBaseAddress: 0x0000000800000000, ArchiveRelocationMode: 0.
Narrow klass base: 0x0000000000000000, Narrow klass shift: 0, Narrow klass range: 0x0

GC Precious Log:
<Empty>

Heap:
 garbage-first heap   total 0K, used 0K [0x0000000703600000, 0x0000000800000000)
  region size 2048K, 0 young (0K), 0 survivors (0K)

[error occurred during error reporting (printing heap information), id 0xc0000005, EXCEPTION_ACCESS_VIOLATION (0xc0000005) at pc=0x00007ffc8de71eed]

GC Heap History (0 events):
No events

Deoptimization events (0 events):
No events

Classes unloaded (0 events):
No events

Classes redefined (0 events):
No events

Internal exceptions (0 events):
No events

Events (1 events):
Event: 0.007 Loaded shared library C:\Users\lxy\.jdks\openjdk-16.0.2\bin\java.dll


Dynamic libraries:
0x00007ff7ffaf0000 - 0x00007ff7ffafe000 	C:\Users\lxy\.jdks\openjdk-16.0.2\bin\java.exe
0x00007ffccecd0000 - 0x00007ffcceec5000 	C:\Windows\SYSTEM32\ntdll.dll
0x00007ffccd460000 - 0x00007ffccd51e000 	C:\Windows\System32\KERNEL32.DLL
0x00007ffccc3f0000 - 0x00007ffccc6b9000 	C:\Windows\System32\KERNELBASE.dll
0x00007ffccc750000 - 0x00007ffccc850000 	C:\Windows\System32\ucrtbase.dll
0x00007ffcbfc40000 - 0x00007ffcbfc58000 	C:\Users\lxy\.jdks\openjdk-16.0.2\bin\jli.dll
0x00007ffcbfc20000 - 0x00007ffcbfc39000 	C:\Users\lxy\.jdks\openjdk-16.0.2\bin\VCRUNTIME140.dll
0x00007ffccd220000 - 0x00007ffccd3c1000 	C:\Windows\System32\USER32.dll
0x00007ffccc8a0000 - 0x00007ffccc8c2000 	C:\Windows\System32\win32u.dll
0x00007ffcce800000 - 0x00007ffcce82b000 	C:\Windows\System32\GDI32.dll
0x00007ffcb0500000 - 0x00007ffcb079a000 	C:\Windows\WinSxS\amd64_microsoft.windows.common-controls_6595b64144ccf1df_6.0.19041.1110_none_60b5254171f9507e\COMCTL32.dll
0x00007ffccc970000 - 0x00007ffccca7b000 	C:\Windows\System32\gdi32full.dll
0x00007ffcce610000 - 0x00007ffcce6ae000 	C:\Windows\System32\msvcrt.dll
0x00007ffccc8d0000 - 0x00007ffccc96d000 	C:\Windows\System32\msvcp_win.dll
0x00007ffccec60000 - 0x00007ffccec90000 	C:\Windows\System32\IMM32.DLL
0x00007ffcc55b0000 - 0x00007ffcc55bc000 	C:\Users\lxy\.jdks\openjdk-16.0.2\bin\vcruntime140_1.dll
0x00007ffcb1770000 - 0x00007ffcb1801000 	C:\Users\lxy\.jdks\openjdk-16.0.2\bin\msvcp140.dll
0x00007ffc8d7b0000 - 0x00007ffc8e35b000 	C:\Users\lxy\.jdks\openjdk-16.0.2\bin\server\jvm.dll
0x00007ffcce940000 - 0x00007ffcce9ec000 	C:\Windows\System32\ADVAPI32.dll
0x00007ffccdbb0000 - 0x00007ffccdc4b000 	C:\Windows\System32\sechost.dll
0x00007ffcce6b0000 - 0x00007ffcce7da000 	C:\Windows\System32\RPCRT4.dll
0x00007ffccd1a0000 - 0x00007ffccd1a8000 	C:\Windows\System32\PSAPI.DLL
0x00007ffc9c6e0000 - 0x00007ffc9c6e9000 	C:\Windows\SYSTEM32\WSOCK32.dll
0x00007ffcaea50000 - 0x00007ffcaea77000 	C:\Windows\SYSTEM32\WINMM.dll
0x00007ffcc00e0000 - 0x00007ffcc00ea000 	C:\Windows\SYSTEM32\VERSION.dll
0x00007ffccdc50000 - 0x00007ffccdcbb000 	C:\Windows\System32\WS2_32.dll
0x00007ffccac70000 - 0x00007ffccac82000 	C:\Windows\SYSTEM32\kernel.appcore.dll
0x00007ffcc5560000 - 0x00007ffcc556a000 	C:\Users\lxy\.jdks\openjdk-16.0.2\bin\jimage.dll
0x00007ffcca110000 - 0x00007ffcca2f4000 	C:\Windows\SYSTEM32\DBGHELP.DLL
0x00007ffcb5360000 - 0x00007ffcb538c000 	C:\Windows\SYSTEM32\dbgcore.DLL
0x00007ffccc6c0000 - 0x00007ffccc743000 	C:\Windows\System32\bcryptPrimitives.dll
0x00007ffcc3d40000 - 0x00007ffcc3d4e000 	C:\Users\lxy\.jdks\openjdk-16.0.2\bin\instrument.dll
0x00007ffcbe450000 - 0x00007ffcbe475000 	C:\Users\lxy\.jdks\openjdk-16.0.2\bin\java.dll

dbghelp: loaded successfully - version: 4.0.5 - missing functions: none
symbol engine: initialized successfully - sym options: 0x614 - pdb path: .;C:\Users\lxy\.jdks\openjdk-16.0.2\bin;C:\Windows\SYSTEM32;C:\Windows\WinSxS\amd64_microsoft.windows.common-controls_6595b64144ccf1df_6.0.19041.1110_none_60b5254171f9507e;C:\Users\lxy\.jdks\openjdk-16.0.2\bin\server

VM Arguments:
jvm_args: -javaagent:D:\Program Files (x86)\JetBrains\IntelliJ IDEA 2021.2.2\lib\idea_rt.jar=65362:D:\Program Files (x86)\JetBrains\IntelliJ IDEA 2021.2.2\bin -Dfile.encoding=UTF-8 
java_command: nwpu.rmi.lxy.client.MeetingClient
java_class_path (initial): E:\网络分布与计算\实验内容\Lab\exe3-RMI\out\production\exe3-RMI
Launcher Type: SUN_STANDARD

[Global flags]
     intx CICompilerCount                          = 4                                         {product} {ergonomic}
     uint ConcGCThreads                            = 2                                         {product} {ergonomic}
     uint G1ConcRefinementThreads                  = 8                                         {product} {ergonomic}
   size_t G1HeapRegionSize                         = 2097152                                   {product} {ergonomic}
    uintx GCDrainStackTargetSize                   = 64                                        {product} {ergonomic}
   size_t InitialHeapSize                          = 266338304                                 {product} {ergonomic}
   size_t MarkStackSize                            = 4194304                                   {product} {ergonomic}
   size_t MaxHeapSize                              = 4238344192                                {product} {ergonomic}
   size_t MinHeapDeltaBytes                        = 2097152                                   {product} {ergonomic}
   size_t MinHeapSize                              = 8388608                                   {product} {ergonomic}
    uintx NonNMethodCodeHeapSize                   = 5839372                                {pd product} {ergonomic}
    uintx NonProfiledCodeHeapSize                  = 122909434                              {pd product} {ergonomic}
    uintx ProfiledCodeHeapSize                     = 122909434                              {pd product} {ergonomic}
    uintx ReservedCodeCacheSize                    = 251658240                              {pd product} {ergonomic}
     bool SegmentedCodeCache                       = true                                      {product} {ergonomic}
   size_t SoftMaxHeapSize                          = 4238344192                             {manageable} {ergonomic}
     bool UseCompressedClassPointers               = true                           {product lp64_product} {ergonomic}
     bool UseCompressedOops                        = true                           {product lp64_product} {ergonomic}
     bool UseG1GC                                  = true                                      {product} {ergonomic}
     bool UseLargePagesIndividualAllocation        = false                                  {pd product} {ergonomic}

Logging:
Log output configuration:
 #0: stdout all=warning uptime,level,tags
 #1: stderr all=off uptime,level,tags

Environment Variables:
JAVA_HOME=C:\Program Files\Java\jdk-15.0.1
PATH=D:\Program Files\vmware pro\bin\;C:\Program Files\Common Files\Oracle\Java\javapath;C:\Program Files (x86)\Common Files\Oracle\Java\javapath;C:\Windows\system32;C:\Windows;C:\Windows\System32\Wbem;C:\Windows\System32\WindowsPowerShell\v1.0\;C:\Windows\System32\OpenSSH\;C:\Program Files (x86)\NVIDIA Corporation\PhysX\Common;C:\Program Files\NVIDIA Corporation\NVIDIA NvDLISR;C:\Program Files\Git\cmd;C:\Program Files\Microsoft SQL Server\130\Tools\Binn\;C:\Program Files\Java\jdk-15.0.1\bin;C:\Program Files\Java\jdk-15.0.1\jre\bin;D:\Matlab\runtime\win64;D:\Matlab\bin;C:\Program Files\nodejs\;D:\Latex\texlive\2020\bin\win32;D:\Program Files\xshell\;D:\Program Files\xftp\;C:\Program Files\Pandoc\;C:\Program Files\MySQL\MySQL Shell 8.0\bin\;C:\Users\lxy\AppData\Local\Programs\Python\Python39\Scripts\;C:\Users\lxy\AppData\Local\Programs\Python\Python39\;D:\gradle-6.7.1-all\gradle-6.7.1\bin;C:\Program Files\JetBrains\PyCharm 2020.3.2\bin;;C:\Users\lxy\AppData\Roaming\npm;D:\Program Files\WebStorm 2021.2.1\bin;;D:\Program Files\Apache\maven\bin\;;D:\Program Files\Microsoft VS Code\bin;D:\Program Files (x86)\JetBrains\IntelliJ IDEA 2021.2.2\bin;
USERNAME=lxy
OS=Windows_NT
PROCESSOR_IDENTIFIER=Intel64 Family 6 Model 140 Stepping 1, GenuineIntel



---------------  S Y S T E M  ---------------

OS:
 Windows 10 , 64 bit Build 19041 (10.0.19041.1202)
OS uptime: 4 days 2:57 hours

CPU: total 8 (initial active 8) (4 cores per cpu, 2 threads per core) family 6 model 140 stepping 1 microcode 0x8a, cx8, cmov, fxsr, ht, mmx, 3dnowpref, sse, sse2, sse3, ssse3, sse4.1, sse4.2, popcnt, lzcnt, tsc, tscinvbit, avx, avx2, aes, erms, clmul, bmi1, bmi2, adx, avx512f, avx512dq, avx512cd, avx512bw, avx512vl, sha, fma, vzeroupper, avx512_vpopcntdq, avx512_vpclmulqdq, avx512_vaes, avx512_vnni, clflush, clflushopt, clwb, avx512_vmbi2, avx512_vmbi

Memory: 4k page, system-wide physical 16167M (4555M free)
TotalPageFile size 23587M (AvailPageFile size 130M)
current process WorkingSet (physical memory assigned to process): 10M, peak: 10M
current process commit charge ("private bytes"): 60M, peak: 314M

vm_info: OpenJDK 64-Bit Server VM (16.0.2+7-67) for windows-amd64 JRE (16.0.2+7-67), built on Jun  8 2021 23:21:43 by "mach5one" with MS VC++ 16.7 (VS2019)

END.
